#
# There is insufficient memory for the Java Runtime Environment to continue.
# Native memory allocation (mmap) failed to map 11534336 bytes for G1 virtual space
# Possible reasons:
#   The system is out of physical RAM or swap space
#   The process is running with CompressedOops enabled, and the Java Heap may be blocking the growth of the native heap
# Possible solutions:
#   Reduce memory load on the system
#   Increase physical memory or swap space
#   Check if swap backing store is full
#   Decrease Java heap size (-Xmx/-Xms)
#   Decrease number of Java threads
#   Decrease Java thread stack sizes (-Xss)
#   Set larger code cache with -XX:ReservedCodeCacheSize=
#   JVM is running with Unscaled Compressed Oops mode in which the Java heap is
#     placed in the first 4GB address space. The Java Heap base address is the
#     maximum limit for the native heap growth. Please use -XX:HeapBaseMinAddress
#     to set the Java Heap base and to place the Java Heap above 4GB virtual address.
# This output file may be truncated or incomplete.
#
#  Out of Memory Error (os_windows.cpp:3469), pid=7928, tid=19016
#
# JRE version: Java(TM) SE Runtime Environment (17.0+35) (build 17+35-LTS-2724)
# Java VM: Java HotSpot(TM) 64-Bit Server VM (17+35-LTS-2724, mixed mode, emulated-client, sharing, tiered, compressed oops, compressed class ptrs, g1 gc, windows-amd64)
# No core dump will be written. Minidumps are not enabled by default on client versions of Windows
#

---------------  S U M M A R Y ------------

Command Line: -agentlib:jdwp=transport=dt_socket,address=127.0.0.1:57576,suspend=y,server=n -XX:TieredStopAtLevel=1 -Xverify:none -Dspring.output.ansi.enabled=always -Dcom.sun.management.jmxremote -Dspring.jmx.enabled=true -Dspring.liveBeansView.mbeanDomain -Dspring.application.admin.enabled=true -javaagent:C:\Users\dell\AppData\Local\JetBrains\IntelliJIdea2021.3\captureAgent\debugger-agent.jar -Dfile.encoding=UTF-8 com.example.springboot.Application

Host: Intel(R) Core(TM) i5-10300H CPU @ 2.50GHz, 8 cores, 7G,  Windows 10 , 64 bit Build 19041 (10.0.19041.2251)
Time: Sun Dec 11 23:23:35 2022  Windows 10 , 64 bit Build 19041 (10.0.19041.2251) elapsed time: 4.600259 seconds (0d 0h 0m 4s)

---------------  T H R E A D  ---------------

Current thread (0x00000206cd354440):  VMThread "VM Thread" [stack: 0x000000e2c4100000,0x000000e2c4200000] [id=19016]

Stack: [0x000000e2c4100000,0x000000e2c4200000]
Native frames: (J=compiled Java code, j=interpreted, Vv=VM code, C=native code)
V  [jvm.dll+0x66f8ea]
V  [jvm.dll+0x7ce224]
V  [jvm.dll+0x7cf9ce]
V  [jvm.dll+0x7d0033]
V  [jvm.dll+0x242bb5]
V  [jvm.dll+0x66c909]
V  [jvm.dll+0x6613d2]
V  [jvm.dll+0x30082b]
V  [jvm.dll+0x307db6]
V  [jvm.dll+0x357a0e]
V  [jvm.dll+0x357c3f]
V  [jvm.dll+0x2d7ae8]
V  [jvm.dll+0x2d5db4]
V  [jvm.dll+0x2d53bc]
V  [jvm.dll+0x3287dc]
V  [jvm.dll+0x7d44cb]
V  [jvm.dll+0x7d5204]
V  [jvm.dll+0x7d571c]
V  [jvm.dll+0x7d5af4]
V  [jvm.dll+0x7d5bc0]
V  [jvm.dll+0x77e7ea]
V  [jvm.dll+0x66e715]
C  [ucrtbase.dll+0x21bb2]
C  [KERNEL32.DLL+0x174b4]
C  [ntdll.dll+0x526a1]

VM_Operation (0x000000e2c5df9500): CollectForMetadataAllocation, mode: safepoint, requested by thread 0x00000206cd379580


---------------  P R O C E S S  ---------------

Threads class SMR info:
_java_thread_list=0x00000206d1bb4f40, length=48, elements={
0x00000206bb5937c0, 0x00000206cd359fc0, 0x00000206cd35b4e0, 0x00000206cd374d70,
0x00000206cd375d00, 0x00000206cd37a3f0, 0x00000206cd37c5a0, 0x00000206cd3819d0,
0x00000206cd3822d0, 0x00000206cd379f20, 0x00000206cdccd430, 0x00000206cdcd4bb0,
0x00000206cdd1cc60, 0x00000206cdd3c120, 0x00000206cdd3c610, 0x00000206cd3790b0,
0x00000206cd37a8c0, 0x00000206ce45f280, 0x00000206cd37ad90, 0x00000206cd379580,
0x00000206cd37b260, 0x00000206cd37bc00, 0x00000206cd37c0d0, 0x00000206cd378be0,
0x00000206d044f060, 0x00000206d0455570, 0x00000206d04550a0, 0x00000206d0455a40,
0x00000206d0450d40, 0x00000206d044fed0, 0x00000206d0454230, 0x00000206d044eb90,
0x00000206d044fa00, 0x00000206d044f530, 0x00000206d0453890, 0x00000206d0452550,
0x00000206d04563e0, 0x00000206d0451bb0, 0x00000206d0452a20, 0x00000206d0453d60,
0x00000206d04503a0, 0x00000206d04533c0, 0x00000206d0452ef0, 0x00000206d0451210,
0x00000206d0454700, 0x00000206d0455f10, 0x00000206d04516e0, 0x00000206d0450870
}

Java Threads: ( => current thread )
  0x00000206bb5937c0 JavaThread "main" [_thread_blocked, id=10584, stack(0x000000e2c3b00000,0x000000e2c3c00000)]
  0x00000206cd359fc0 JavaThread "Reference Handler" daemon [_thread_blocked, id=9616, stack(0x000000e2c4200000,0x000000e2c4300000)]
  0x00000206cd35b4e0 JavaThread "Finalizer" daemon [_thread_blocked, id=16436, stack(0x000000e2c4300000,0x000000e2c4400000)]
  0x00000206cd374d70 JavaThread "Signal Dispatcher" daemon [_thread_blocked, id=9140, stack(0x000000e2c4400000,0x000000e2c4500000)]
  0x00000206cd375d00 JavaThread "Attach Listener" daemon [_thread_blocked, id=17604, stack(0x000000e2c4500000,0x000000e2c4600000)]
  0x00000206cd37a3f0 JavaThread "Service Thread" daemon [_thread_blocked, id=6396, stack(0x000000e2c4600000,0x000000e2c4700000)]
  0x00000206cd37c5a0 JavaThread "Monitor Deflation Thread" daemon [_thread_blocked, id=4500, stack(0x000000e2c4700000,0x000000e2c4800000)]
  0x00000206cd3819d0 JavaThread "C1 CompilerThread0" daemon [_thread_blocked, id=19328, stack(0x000000e2c4800000,0x000000e2c4900000)]
  0x00000206cd3822d0 JavaThread "Sweeper thread" daemon [_thread_blocked, id=16684, stack(0x000000e2c4900000,0x000000e2c4a00000)]
  0x00000206cd379f20 JavaThread "Common-Cleaner" daemon [_thread_blocked, id=10824, stack(0x000000e2c4a00000,0x000000e2c4b00000)]
  0x00000206cdccd430 JavaThread "C1 CompilerThread1" daemon [_thread_blocked, id=15100, stack(0x000000e2c4b00000,0x000000e2c4c00000)]
  0x00000206cdcd4bb0 JavaThread "C1 CompilerThread2" daemon [_thread_blocked, id=4656, stack(0x000000e2c4c00000,0x000000e2c4d00000)]
  0x00000206cdd1cc60 JavaThread "JDWP Transport Listener: dt_socket" daemon [_thread_blocked, id=14880, stack(0x000000e2c4d00000,0x000000e2c4e00000)]
  0x00000206cdd3c120 JavaThread "JDWP Event Helper Thread" daemon [_thread_blocked, id=15452, stack(0x000000e2c4e00000,0x000000e2c4f00000)]
  0x00000206cdd3c610 JavaThread "JDWP Command Reader" daemon [_thread_in_native, id=2340, stack(0x000000e2c4f00000,0x000000e2c5000000)]
  0x00000206cd3790b0 JavaThread "Notification Thread" daemon [_thread_blocked, id=5032, stack(0x000000e2c5000000,0x000000e2c5100000)]
  0x00000206cd37a8c0 JavaThread "RMI TCP Accept-0" daemon [_thread_in_native, id=20304, stack(0x000000e2c5100000,0x000000e2c5200000)]
  0x00000206ce45f280 JavaThread "C1 CompilerThread3" daemon [_thread_blocked, id=18596, stack(0x000000e2c5300000,0x000000e2c5400000)]
  0x00000206cd37ad90 JavaThread "Thread-0" [_thread_blocked, id=20464, stack(0x000000e2c5c00000,0x000000e2c5d00000)]
  0x00000206cd379580 JavaThread "restartedMain" [_thread_blocked, id=6440, stack(0x000000e2c5d00000,0x000000e2c5e00000)]
  0x00000206cd37b260 JavaThread "RMI TCP Connection(2)-172.24.42.59" daemon [_thread_in_native, id=10408, stack(0x000000e2c5f00000,0x000000e2c6000000)]
  0x00000206cd37bc00 JavaThread "RMI Scheduler(0)" daemon [_thread_blocked, id=8924, stack(0x000000e2c6000000,0x000000e2c6100000)]
  0x00000206cd37c0d0 JavaThread "RMI TCP Connection(3)-172.24.42.59" daemon [_thread_in_native, id=3468, stack(0x000000e2c6100000,0x000000e2c6200000)]
  0x00000206cd378be0 JavaThread "Catalina-utility-1" [_thread_blocked, id=19000, stack(0x000000e2c6200000,0x000000e2c6300000)]
  0x00000206d044f060 JavaThread "Catalina-utility-2" [_thread_blocked, id=18664, stack(0x000000e2c6300000,0x000000e2c6400000)]
  0x00000206d0455570 JavaThread "container-0" [_thread_blocked, id=1904, stack(0x000000e2c6400000,0x000000e2c6500000)]
  0x00000206d04550a0 JavaThread "mysql-cj-abandoned-connection-cleanup" daemon [_thread_blocked, id=6528, stack(0x000000e2c6500000,0x000000e2c6600000)]
  0x00000206d0455a40 JavaThread "ForkJoinPool.commonPool-worker-1" daemon [_thread_blocked, id=19140, stack(0x000000e2c6600000,0x000000e2c6700000)]
  0x00000206d0450d40 JavaThread "ForkJoinPool.commonPool-worker-2" daemon [_thread_blocked, id=4700, stack(0x000000e2c6700000,0x000000e2c6800000)]
  0x00000206d044fed0 JavaThread "ForkJoinPool.commonPool-worker-3" daemon [_thread_blocked, id=18692, stack(0x000000e2c6800000,0x000000e2c6900000)]
  0x00000206d0454230 JavaThread "ForkJoinPool.commonPool-worker-4" daemon [_thread_blocked, id=18636, stack(0x000000e2c6900000,0x000000e2c6a00000)]
  0x00000206d044eb90 JavaThread "ForkJoinPool.commonPool-worker-5" daemon [_thread_blocked, id=16380, stack(0x000000e2c6a00000,0x000000e2c6b00000)]
  0x00000206d044fa00 JavaThread "ForkJoinPool.commonPool-worker-6" daemon [_thread_blocked, id=144, stack(0x000000e2c6b00000,0x000000e2c6c00000)]
  0x00000206d044f530 JavaThread "ForkJoinPool.commonPool-worker-7" daemon [_thread_blocked, id=6364, stack(0x000000e2c6c00000,0x000000e2c6d00000)]
  0x00000206d0453890 JavaThread "Live Reload Server" daemon [_thread_in_native, id=19888, stack(0x000000e2c6e00000,0x000000e2c6f00000)]
  0x00000206d0452550 JavaThread "File Watcher" daemon [_thread_blocked, id=3152, stack(0x000000e2c6d00000,0x000000e2c6e00000)]
  0x00000206d04563e0 JavaThread "http-nio-8888-exec-1" daemon [_thread_blocked, id=14832, stack(0x000000e2c6f00000,0x000000e2c7000000)]
  0x00000206d0451bb0 JavaThread "http-nio-8888-exec-2" daemon [_thread_blocked, id=11024, stack(0x000000e2c7000000,0x000000e2c7100000)]
  0x00000206d0452a20 JavaThread "http-nio-8888-exec-3" daemon [_thread_blocked, id=14164, stack(0x000000e2c7100000,0x000000e2c7200000)]
  0x00000206d0453d60 JavaThread "http-nio-8888-exec-4" daemon [_thread_blocked, id=15096, stack(0x000000e2c7200000,0x000000e2c7300000)]
  0x00000206d04503a0 JavaThread "http-nio-8888-exec-5" daemon [_thread_blocked, id=14528, stack(0x000000e2c7300000,0x000000e2c7400000)]
  0x00000206d04533c0 JavaThread "http-nio-8888-exec-6" daemon [_thread_blocked, id=5536, stack(0x000000e2c7400000,0x000000e2c7500000)]
  0x00000206d0452ef0 JavaThread "http-nio-8888-exec-7" daemon [_thread_blocked, id=7824, stack(0x000000e2c7500000,0x000000e2c7600000)]
  0x00000206d0451210 JavaThread "http-nio-8888-exec-8" daemon [_thread_blocked, id=14304, stack(0x000000e2c7600000,0x000000e2c7700000)]
  0x00000206d0454700 JavaThread "http-nio-8888-exec-9" daemon [_thread_blocked, id=17824, stack(0x000000e2c7700000,0x000000e2c7800000)]
  0x00000206d0455f10 JavaThread "http-nio-8888-exec-10" daemon [_thread_blocked, id=17940, stack(0x000000e2c7800000,0x000000e2c7900000)]
  0x00000206d04516e0 JavaThread "http-nio-8888-Poller" daemon [_thread_in_native, id=1124, stack(0x000000e2c7900000,0x000000e2c7a00000)]
  0x00000206d0450870 JavaThread "http-nio-8888-Acceptor" daemon [_thread_in_native, id=11988, stack(0x000000e2c7a00000,0x000000e2c7b00000)]

Other Threads:
=>0x00000206cd354440 VMThread "VM Thread" [stack: 0x000000e2c4100000,0x000000e2c4200000] [id=19016]
  0x00000206bb5ec090 WatcherThread [stack: 0x000000e2c5200000,0x000000e2c5300000] [id=17532]
  0x00000206bb5d3490 GCTaskThread "GC Thread#0" [stack: 0x000000e2c3c00000,0x000000e2c3d00000] [id=16056]
  0x00000206ce49e470 GCTaskThread "GC Thread#1" [stack: 0x000000e2c5400000,0x000000e2c5500000] [id=18864]
  0x00000206ce4c6ba0 GCTaskThread "GC Thread#2" [stack: 0x000000e2c5500000,0x000000e2c5600000] [id=17428]
  0x00000206ce5c9700 GCTaskThread "GC Thread#3" [stack: 0x000000e2c5600000,0x000000e2c5700000] [id=15248]
  0x00000206ce61d3b0 GCTaskThread "GC Thread#4" [stack: 0x000000e2c5700000,0x000000e2c5800000] [id=18620]
  0x00000206ce61f670 GCTaskThread "GC Thread#5" [stack: 0x000000e2c5800000,0x000000e2c5900000] [id=20216]
  0x00000206ce61f920 GCTaskThread "GC Thread#6" [stack: 0x000000e2c5900000,0x000000e2c5a00000] [id=4624]
  0x00000206ce6203e0 GCTaskThread "GC Thread#7" [stack: 0x000000e2c5a00000,0x000000e2c5b00000] [id=10968]
  0x00000206bb5e4cb0 ConcurrentGCThread "G1 Main Marker" [stack: 0x000000e2c3d00000,0x000000e2c3e00000] [id=20372]
  0x00000206bb5e5d70 ConcurrentGCThread "G1 Conc#0" [stack: 0x000000e2c3e00000,0x000000e2c3f00000] [id=2976]
  0x00000206cff9c4d0 ConcurrentGCThread "G1 Conc#1" [stack: 0x000000e2c5e00000,0x000000e2c5f00000] [id=11960]
  0x00000206bb65d290 ConcurrentGCThread "G1 Refine#0" [stack: 0x000000e2c3f00000,0x000000e2c4000000] [id=10160]
  0x00000206ce4cbbe0 ConcurrentGCThread "G1 Refine#1" [stack: 0x000000e2c5b00000,0x000000e2c5c00000] [id=11968]
  0x00000206bb65dbc0 ConcurrentGCThread "G1 Service" [stack: 0x000000e2c4000000,0x000000e2c4100000] [id=14896]

Threads with active compile tasks:

VM state: at safepoint (normal execution)

VM Mutex/Monitor currently owned by a thread:  ([mutex/lock_event])
[0x00000206bb58fcb0] Threads_lock - owner thread: 0x00000206cd354440
[0x00000206bb58eea0] Heap_lock - owner thread: 0x00000206cd379580

Heap address: 0x0000000083200000, size: 1998 MB, Compressed Oops mode: 32-bit

CDS archive(s) mapped at: [0x0000000800000000-0x0000000800bc0000-0x0000000800bc0000), size 12320768, SharedBaseAddress: 0x0000000800000000, ArchiveRelocationMode: 0.
Compressed class space mapped at: 0x0000000800c00000-0x0000000840c00000, reserved size: 1073741824
Narrow klass base: 0x0000000800000000, Narrow klass shift: 0, Narrow klass range: 0x100000000

GC Precious Log:
 CPUs: 8 total, 8 available
 Memory: 7985M
 Large Page Support: Disabled
 NUMA Support: Disabled
 Compressed Oops: Enabled (32-bit)
 Heap Region Size: 1M
 Heap Min Capacity: 8M
 Heap Initial Capacity: 126M
 Heap Max Capacity: 1998M
 Pre-touch: Disabled
 Parallel Workers: 8
 Concurrent Workers: 2
 Concurrent Refinement Workers: 8
 Periodic GC: Disabled

Heap:
 garbage-first heap   total 55296K, used 23230K [0x0000000083200000, 0x0000000100000000)
  region size 1024K, 1 young (1024K), 1 survivors (1024K)
 Metaspace       used 35676K, committed 36096K, reserved 1081344K
  class space    used 4777K, committed 4992K, reserved 1048576K

Heap Regions: E=young(eden), S=young(survivor), O=old, HS=humongous(starts), HC=humongous(continues), CS=collection set, F=free, OA=open archive, CA=closed archive, TAMS=top-at-mark-start (previous, next)
|   0|0x0000000083200000, 0x0000000083300000, 0x0000000083300000|100%| O|  |TAMS 0x0000000083300000, 0x0000000083300000| Untracked 
|   1|0x0000000083300000, 0x0000000083400000, 0x0000000083400000|100%| O|  |TAMS 0x0000000083400000, 0x0000000083400000| Untracked 
|   2|0x0000000083400000, 0x0000000083500000, 0x0000000083500000|100%| O|  |TAMS 0x0000000083500000, 0x0000000083500000| Untracked 
|   3|0x0000000083500000, 0x0000000083600000, 0x0000000083600000|100%| O|  |TAMS 0x0000000083600000, 0x0000000083600000| Untracked 
|   4|0x0000000083600000, 0x0000000083700000, 0x0000000083700000|100%| O|  |TAMS 0x0000000083700000, 0x0000000083700000| Untracked 
|   5|0x0000000083700000, 0x0000000083800000, 0x0000000083800000|100%| O|  |TAMS 0x0000000083800000, 0x0000000083800000| Untracked 
|   6|0x0000000083800000, 0x0000000083900000, 0x0000000083900000|100%| O|  |TAMS 0x0000000083868600, 0x0000000083900000| Untracked 
|   7|0x0000000083900000, 0x000000008397fa00, 0x0000000083a00000| 49%| O|  |TAMS 0x0000000083900000, 0x000000008397fa00| Untracked 
|   8|0x0000000083a00000, 0x0000000083b00000, 0x0000000083b00000|100%| O|  |TAMS 0x0000000083a00000, 0x0000000083b00000| Untracked 
|   9|0x0000000083b00000, 0x0000000083c00000, 0x0000000083c00000|100%| O|  |TAMS 0x0000000083b00000, 0x0000000083c00000| Untracked 
|  10|0x0000000083c00000, 0x0000000083d00000, 0x0000000083d00000|100%| O|  |TAMS 0x0000000083c00000, 0x0000000083d00000| Untracked 
|  11|0x0000000083d00000, 0x0000000083e00000, 0x0000000083e00000|100%| O|  |TAMS 0x0000000083d00000, 0x0000000083e00000| Untracked 
|  12|0x0000000083e00000, 0x0000000083f00000, 0x0000000083f00000|100%| O|  |TAMS 0x0000000083e00000, 0x0000000083f00000| Untracked 
|  13|0x0000000083f00000, 0x0000000084000000, 0x0000000084000000|100%| O|  |TAMS 0x0000000083f00000, 0x0000000084000000| Untracked 
|  14|0x0000000084000000, 0x0000000084100000, 0x0000000084100000|100%| O|  |TAMS 0x0000000084000000, 0x0000000084100000| Untracked 
|  15|0x0000000084100000, 0x0000000084200000, 0x0000000084200000|100%| O|  |TAMS 0x0000000084100000, 0x0000000084200000| Untracked 
|  16|0x0000000084200000, 0x0000000084300000, 0x0000000084300000|100%| O|  |TAMS 0x0000000084200000, 0x0000000084300000| Untracked 
|  17|0x0000000084300000, 0x0000000084400000, 0x0000000084400000|100%| O|  |TAMS 0x0000000084300000, 0x0000000084400000| Untracked 
|  18|0x0000000084400000, 0x0000000084500000, 0x0000000084500000|100%| O|  |TAMS 0x0000000084400000, 0x0000000084500000| Untracked 
|  19|0x0000000084500000, 0x0000000084600000, 0x0000000084600000|100%| O|  |TAMS 0x0000000084500000, 0x0000000084600000| Untracked 
|  20|0x0000000084600000, 0x0000000084700000, 0x0000000084700000|100%| O|  |TAMS 0x0000000084600000, 0x0000000084700000| Untracked 
|  21|0x0000000084700000, 0x0000000084800000, 0x0000000084800000|100%| O|  |TAMS 0x0000000084700000, 0x0000000084714400| Untracked 
|  22|0x0000000084800000, 0x00000000848d4800, 0x0000000084900000| 83%| O|  |TAMS 0x0000000084800000, 0x0000000084800000| Untracked 
|  23|0x0000000084900000, 0x0000000084900000, 0x0000000084a00000|  0%| F|  |TAMS 0x0000000084900000, 0x0000000084900000| Untracked 
|  24|0x0000000084a00000, 0x0000000084a00000, 0x0000000084b00000|  0%| F|  |TAMS 0x0000000084a00000, 0x0000000084a00000| Untracked 
|  25|0x0000000084b00000, 0x0000000084b00000, 0x0000000084c00000|  0%| F|  |TAMS 0x0000000084b00000, 0x0000000084b00000| Untracked 
|  26|0x0000000084c00000, 0x0000000084c00000, 0x0000000084d00000|  0%| F|  |TAMS 0x0000000084c00000, 0x0000000084c00000| Untracked 
|  27|0x0000000084d00000, 0x0000000084d00000, 0x0000000084e00000|  0%| F|  |TAMS 0x0000000084d00000, 0x0000000084d00000| Untracked 
|  28|0x0000000084e00000, 0x0000000084e00000, 0x0000000084f00000|  0%| F|  |TAMS 0x0000000084e00000, 0x0000000084e00000| Untracked 
|  29|0x0000000084f00000, 0x0000000084f00000, 0x0000000085000000|  0%| F|  |TAMS 0x0000000084f00000, 0x0000000084f00000| Untracked 
|  30|0x0000000085000000, 0x0000000085000000, 0x0000000085100000|  0%| F|  |TAMS 0x0000000085000000, 0x0000000085000000| Untracked 
|  31|0x0000000085100000, 0x0000000085100000, 0x0000000085200000|  0%| F|  |TAMS 0x0000000085100000, 0x0000000085100000| Untracked 
|  32|0x0000000085200000, 0x0000000085200000, 0x0000000085300000|  0%| F|  |TAMS 0x0000000085200000, 0x0000000085200000| Untracked 
|  33|0x0000000085300000, 0x0000000085300000, 0x0000000085400000|  0%| F|  |TAMS 0x0000000085300000, 0x0000000085300000| Untracked 
|  34|0x0000000085400000, 0x0000000085400000, 0x0000000085500000|  0%| F|  |TAMS 0x0000000085400000, 0x0000000085400000| Untracked 
|  35|0x0000000085500000, 0x0000000085500000, 0x0000000085600000|  0%| F|  |TAMS 0x0000000085500000, 0x0000000085500000| Untracked 
|  36|0x0000000085600000, 0x0000000085600000, 0x0000000085700000|  0%| F|  |TAMS 0x0000000085600000, 0x0000000085600000| Untracked 
|  37|0x0000000085700000, 0x0000000085700000, 0x0000000085800000|  0%| F|  |TAMS 0x0000000085700000, 0x0000000085700000| Untracked 
|  38|0x0000000085800000, 0x0000000085800000, 0x0000000085900000|  0%| F|  |TAMS 0x0000000085800000, 0x0000000085800000| Untracked 
|  39|0x0000000085900000, 0x0000000085900000, 0x0000000085a00000|  0%| F|  |TAMS 0x0000000085900000, 0x0000000085900000| Untracked 
|  40|0x0000000085a00000, 0x0000000085a00000, 0x0000000085b00000|  0%| F|  |TAMS 0x0000000085a00000, 0x0000000085a00000| Untracked 
|  41|0x0000000085b00000, 0x0000000085b00000, 0x0000000085c00000|  0%| F|  |TAMS 0x0000000085b00000, 0x0000000085b00000| Untracked 
|  42|0x0000000085c00000, 0x0000000085c00000, 0x0000000085d00000|  0%| F|  |TAMS 0x0000000085c00000, 0x0000000085c00000| Untracked 
|  43|0x0000000085d00000, 0x0000000085d00000, 0x0000000085e00000|  0%| F|  |TAMS 0x0000000085d00000, 0x0000000085d00000| Untracked 
|  44|0x0000000085e00000, 0x0000000085e00000, 0x0000000085f00000|  0%| F|  |TAMS 0x0000000085e00000, 0x0000000085e00000| Untracked 
|  45|0x0000000085f00000, 0x0000000085f00000, 0x0000000086000000|  0%| F|  |TAMS 0x0000000085f00000, 0x0000000085f00000| Untracked 
|  84|0x0000000088600000, 0x0000000088600000, 0x0000000088700000|  0%| F|  |TAMS 0x0000000088600000, 0x0000000088600000| Untracked 
|  85|0x0000000088700000, 0x0000000088700000, 0x0000000088800000|  0%| F|  |TAMS 0x0000000088700000, 0x0000000088700000| Untracked 
|  86|0x0000000088800000, 0x000000008885b640, 0x0000000088900000| 35%| S|CS|TAMS 0x0000000088800000, 0x0000000088800000| Complete 
|  87|0x0000000088900000, 0x0000000088900000, 0x0000000088a00000|  0%| F|  |TAMS 0x0000000088900000, 0x0000000088900000| Untracked 
|  88|0x0000000088a00000, 0x0000000088a00000, 0x0000000088b00000|  0%| F|  |TAMS 0x0000000088a00000, 0x0000000088a00000| Untracked 
|  89|0x0000000088b00000, 0x0000000088b00000, 0x0000000088c00000|  0%| F|  |TAMS 0x0000000088b00000, 0x0000000088b00000| Untracked 
|  90|0x0000000088c00000, 0x0000000088c00000, 0x0000000088d00000|  0%| F|  |TAMS 0x0000000088c00000, 0x0000000088c00000| Untracked 
| 125|0x000000008af00000, 0x000000008af00000, 0x000000008b000000|  0%| F|  |TAMS 0x000000008af00000, 0x000000008af00000| Untracked 

Card table byte_map: [0x00000206c6290000,0x00000206c6680000] _byte_map_base: 0x00000206c5e77000

Marking Bits (Prev, Next): (CMBitMap*) 0x00000206bb5d4a00, (CMBitMap*) 0x00000206bb5d49c0
 Prev Bits: [0x00000206c89b0000, 0x00000206ca8e8000)
 Next Bits: [0x00000206c6a70000, 0x00000206c89a8000)

Polling page: 0x00000206bad60000

Metaspace:

Usage:
  Non-class:     30.17 MB used.
      Class:      4.67 MB used.
       Both:     34.84 MB used.

Virtual space:
  Non-class space:       32.00 MB reserved,      30.38 MB ( 95%) committed,  4 nodes.
      Class space:        1.00 GB reserved,       4.88 MB ( <1%) committed,  1 nodes.
             Both:        1.03 GB reserved,      35.25 MB (  3%) committed. 

Chunk freelists:
   Non-Class:  1.28 MB
       Class:  3.16 MB
        Both:  4.44 MB

MaxMetaspaceSize: unlimited
CompressedClassSpaceSize: 1.00 GB
Initial GC threshold: 21.00 MB
Current GC threshold: 35.25 MB
CDS: on
MetaspaceReclaimPolicy: balanced
 - commit_granule_bytes: 65536.
 - commit_granule_words: 8192.
 - virtual_space_node_default_size: 1048576.
 - enlarge_chunks_in_place: 1.
 - new_chunks_are_fully_committed: 0.
 - uncommit_free_chunks: 1.
 - use_allocation_guard: 0.
 - handle_deallocations: 1.


Internal statistics:

num_allocs_failed_limit: 6.
num_arena_births: 532.
num_arena_deaths: 0.
num_vsnodes_births: 5.
num_vsnodes_deaths: 0.
num_space_committed: 564.
num_space_uncommitted: 0.
num_chunks_returned_to_freelist: 6.
num_chunks_taken_from_freelist: 1805.
num_chunk_merges: 3.
num_chunk_splits: 1168.
num_chunks_enlarged: 803.
num_purges: 0.
num_inconsistent_stats: 0.

CodeCache: size=49152Kb used=12261Kb max_used=12261Kb free=36890Kb
 bounds [0x00000206c2d90000, 0x00000206c3990000, 0x00000206c5d90000]
 total_blobs=5826 nmethods=5274 adapters=476
 compilation: enabled
              stopped_count=0, restarted_count=0
 full_count=0

Compilation events (20 events):
Event: 4.540 Thread 0x00000206cdccd430 nmethod 5262 0x00000206c3985110 code [0x00000206c39852c0, 0x00000206c3985548]
Event: 4.540 Thread 0x00000206cd3819d0 nmethod 5263 0x00000206c3985690 code [0x00000206c3985860, 0x00000206c3985ba8]
Event: 4.541 Thread 0x00000206cd3819d0 5266       1       org.springframework.core.OrderComparator::getOrder (111 bytes)
Event: 4.541 Thread 0x00000206cdcd4bb0 5267       1       org.springframework.core.annotation.AnnotationAwareOrderComparator::findOrder (18 bytes)
Event: 4.541 Thread 0x00000206cdccd430 5268       1       org.springframework.core.annotation.AnnotationAwareOrderComparator::findOrderFromAnnotation (63 bytes)
Event: 4.541 Thread 0x00000206cdcd4bb0 nmethod 5267 0x00000206c3985e10 code [0x00000206c3985fe0, 0x00000206c3986228]
Event: 4.541 Thread 0x00000206cd3819d0 nmethod 5266 0x00000206c3986310 code [0x00000206c3986500, 0x00000206c39867f8]
Event: 4.542 Thread 0x00000206cdccd430 nmethod 5268 0x00000206c3986a90 code [0x00000206c3986ce0, 0x00000206c3987408]
Event: 4.542 Thread 0x00000206cdccd430 5269       1       com.google.common.collect.Hashing::smear (13 bytes)
Event: 4.542 Thread 0x00000206cdcd4bb0 5270       1       java.lang.Integer::rotateLeft (9 bytes)
Event: 4.542 Thread 0x00000206cdcd4bb0 nmethod 5270 0x00000206c3987810 code [0x00000206c39879a0, 0x00000206c3987a58]
Event: 4.542 Thread 0x00000206cdccd430 nmethod 5269 0x00000206c3987b10 code [0x00000206c3987ca0, 0x00000206c3987d58]
Event: 4.544 Thread 0x00000206cdccd430 5271       1       org.springframework.web.method.HandlerMethod::getMethod (5 bytes)
Event: 4.544 Thread 0x00000206cdccd430 nmethod 5271 0x00000206c3987e10 code [0x00000206c3987fa0, 0x00000206c3988078]
Event: 4.544 Thread 0x00000206cdccd430 5272       1       springfox.documentation.spring.web.readers.operation.HandlerMethodResolver$5::apply (9 bytes)
Event: 4.544 Thread 0x00000206ce45f280 5273       1       springfox.documentation.spring.web.readers.operation.HandlerMethodResolver$5::apply (21 bytes)
Event: 4.544 Thread 0x00000206ce45f280 nmethod 5273 0x00000206c3988110 code [0x00000206c39882c0, 0x00000206c3988408]
Event: 4.544 Thread 0x00000206cdccd430 nmethod 5272 0x00000206c3988590 code [0x00000206c3988740, 0x00000206c39888e8]
Event: 4.544 Thread 0x00000206cdccd430 5274       1       com.google.common.collect.ObjectArrays::checkElementNotNull (33 bytes)
Event: 4.544 Thread 0x00000206cdccd430 nmethod 5274 0x00000206c3988a90 code [0x00000206c3988c80, 0x00000206c3989038]

GC Heap History (20 events):
Event: 0.946 GC heap after
{Heap after GC invocations=1 (full 0):
 garbage-first heap   total 129024K, used 6443K [0x0000000083200000, 0x0000000100000000)
  region size 1024K, 3 young (3072K), 3 survivors (3072K)
 Metaspace       used 5505K, committed 5696K, reserved 1056768K
  class space    used 651K, committed 768K, reserved 1048576K
}
Event: 1.262 GC heap before
{Heap before GC invocations=1 (full 0):
 garbage-first heap   total 129024K, used 29995K [0x0000000083200000, 0x0000000100000000)
  region size 1024K, 27 young (27648K), 3 survivors (3072K)
 Metaspace       used 8702K, committed 8896K, reserved 1056768K
  class space    used 1120K, committed 1216K, reserved 1048576K
}
Event: 1.264 GC heap after
{Heap after GC invocations=2 (full 0):
 garbage-first heap   total 129024K, used 7943K [0x0000000083200000, 0x0000000100000000)
  region size 1024K, 2 young (2048K), 2 survivors (2048K)
 Metaspace       used 8702K, committed 8896K, reserved 1056768K
  class space    used 1120K, committed 1216K, reserved 1048576K
}
Event: 2.318 GC heap before
{Heap before GC invocations=2 (full 0):
 garbage-first heap   total 129024K, used 82695K [0x0000000083200000, 0x0000000100000000)
  region size 1024K, 75 young (76800K), 2 survivors (2048K)
 Metaspace       used 17551K, committed 17856K, reserved 1064960K
  class space    used 2329K, committed 2496K, reserved 1048576K
}
Event: 2.323 GC heap after
{Heap after GC invocations=3 (full 0):
 garbage-first heap   total 129024K, used 12059K [0x0000000083200000, 0x0000000100000000)
  region size 1024K, 6 young (6144K), 6 survivors (6144K)
 Metaspace       used 17551K, committed 17856K, reserved 1064960K
  class space    used 2329K, committed 2496K, reserved 1048576K
}
Event: 2.730 GC heap before
{Heap before GC invocations=3 (full 0):
 garbage-first heap   total 129024K, used 46875K [0x0000000083200000, 0x0000000100000000)
  region size 1024K, 41 young (41984K), 6 survivors (6144K)
 Metaspace       used 21224K, committed 21504K, reserved 1073152K
  class space    used 2870K, committed 3008K, reserved 1048576K
}
Event: 2.736 GC heap after
{Heap after GC invocations=4 (full 0):
 garbage-first heap   total 129024K, used 14252K [0x0000000083200000, 0x0000000100000000)
  region size 1024K, 7 young (7168K), 7 survivors (7168K)
 Metaspace       used 21224K, committed 21504K, reserved 1073152K
  class space    used 2870K, committed 3008K, reserved 1048576K
}
Event: 3.103 GC heap before
{Heap before GC invocations=5 (full 0):
 garbage-first heap   total 55296K, used 38828K [0x0000000083200000, 0x0000000100000000)
  region size 1024K, 32 young (32768K), 7 survivors (7168K)
 Metaspace       used 23729K, committed 24064K, reserved 1073152K
  class space    used 3214K, committed 3392K, reserved 1048576K
}
Event: 3.110 GC heap after
{Heap after GC invocations=6 (full 0):
 garbage-first heap   total 55296K, used 16302K [0x0000000083200000, 0x0000000100000000)
  region size 1024K, 3 young (3072K), 3 survivors (3072K)
 Metaspace       used 23729K, committed 24064K, reserved 1073152K
  class space    used 3214K, committed 3392K, reserved 1048576K
}
Event: 3.528 GC heap before
{Heap before GC invocations=6 (full 0):
 garbage-first heap   total 55296K, used 37806K [0x0000000083200000, 0x0000000100000000)
  region size 1024K, 25 young (25600K), 3 survivors (3072K)
 Metaspace       used 25340K, committed 25664K, reserved 1073152K
  class space    used 3433K, committed 3584K, reserved 1048576K
}
Event: 3.530 GC heap after
{Heap after GC invocations=7 (full 0):
 garbage-first heap   total 55296K, used 17388K [0x0000000083200000, 0x0000000100000000)
  region size 1024K, 2 young (2048K), 2 survivors (2048K)
 Metaspace       used 25340K, committed 25664K, reserved 1073152K
  class space    used 3433K, committed 3584K, reserved 1048576K
}
Event: 3.838 GC heap before
{Heap before GC invocations=7 (full 0):
 garbage-first heap   total 55296K, used 38892K [0x0000000083200000, 0x0000000100000000)
  region size 1024K, 23 young (23552K), 2 survivors (2048K)
 Metaspace       used 29187K, committed 29568K, reserved 1081344K
  class space    used 3924K, committed 4096K, reserved 1048576K
}
Event: 3.840 GC heap after
{Heap after GC invocations=8 (full 0):
 garbage-first heap   total 55296K, used 18265K [0x0000000083200000, 0x0000000100000000)
  region size 1024K, 2 young (2048K), 2 survivors (2048K)
 Metaspace       used 29187K, committed 29568K, reserved 1081344K
  class space    used 3924K, committed 4096K, reserved 1048576K
}
Event: 3.956 GC heap before
{Heap before GC invocations=8 (full 0):
 garbage-first heap   total 55296K, used 40793K [0x0000000083200000, 0x0000000100000000)
  region size 1024K, 24 young (24576K), 2 survivors (2048K)
 Metaspace       used 30236K, committed 30592K, reserved 1081344K
  class space    used 4047K, committed 4224K, reserved 1048576K
}
Event: 3.957 GC heap after
{Heap after GC invocations=9 (full 0):
 garbage-first heap   total 55296K, used 19012K [0x0000000083200000, 0x0000000100000000)
  region size 1024K, 2 young (2048K), 2 survivors (2048K)
 Metaspace       used 30236K, committed 30592K, reserved 1081344K
  class space    used 4047K, committed 4224K, reserved 1048576K
}
Event: 4.233 GC heap before
{Heap before GC invocations=9 (full 0):
 garbage-first heap   total 55296K, used 41540K [0x0000000083200000, 0x0000000100000000)
  region size 1024K, 24 young (24576K), 2 survivors (2048K)
 Metaspace       used 32210K, committed 32640K, reserved 1081344K
  class space    used 4316K, committed 4480K, reserved 1048576K
}
Event: 4.235 GC heap after
{Heap after GC invocations=10 (full 0):
 garbage-first heap   total 55296K, used 21205K [0x0000000083200000, 0x0000000100000000)
  region size 1024K, 3 young (3072K), 3 survivors (3072K)
 Metaspace       used 32210K, committed 32640K, reserved 1081344K
  class space    used 4316K, committed 4480K, reserved 1048576K
}
Event: 4.459 GC heap before
{Heap before GC invocations=10 (full 0):
 garbage-first heap   total 55296K, used 41685K [0x0000000083200000, 0x0000000100000000)
  region size 1024K, 23 young (23552K), 3 survivors (3072K)
 Metaspace       used 34743K, committed 35200K, reserved 1081344K
  class space    used 4635K, committed 4864K, reserved 1048576K
}
Event: 4.461 GC heap after
{Heap after GC invocations=11 (full 0):
 garbage-first heap   total 55296K, used 22937K [0x0000000083200000, 0x0000000100000000)
  region size 1024K, 2 young (2048K), 2 survivors (2048K)
 Metaspace       used 34743K, committed 35200K, reserved 1081344K
  class space    used 4635K, committed 4864K, reserved 1048576K
}
Event: 4.549 GC heap before
{Heap before GC invocations=11 (full 0):
 garbage-first heap   total 55296K, used 27033K [0x0000000083200000, 0x0000000100000000)
  region size 1024K, 7 young (7168K), 2 survivors (2048K)
 Metaspace       used 35676K, committed 36096K, reserved 1081344K
  class space    used 4777K, committed 4992K, reserved 1048576K
}

Deoptimization events (20 events):
Event: 4.456 Thread 0x00000206cd379580 DEOPT PACKING pc=0x00000206c33d549c sp=0x000000e2c5dfdc30
Event: 4.456 Thread 0x00000206cd379580 DEOPT UNPACKING pc=0x00000206c2de2b43 sp=0x000000e2c5dfd100 mode 1
Event: 4.456 Thread 0x00000206cd379580 DEOPT PACKING pc=0x00000206c320cadc sp=0x000000e2c5dfd180
Event: 4.456 Thread 0x00000206cd379580 DEOPT UNPACKING pc=0x00000206c2de2b43 sp=0x000000e2c5dfc618 mode 1
Event: 4.456 Thread 0x00000206cd379580 DEOPT PACKING pc=0x00000206c3206a7c sp=0x000000e2c5dfd250
Event: 4.456 Thread 0x00000206cd379580 DEOPT UNPACKING pc=0x00000206c2de2b43 sp=0x000000e2c5dfc708 mode 1
Event: 4.456 Thread 0x00000206cd379580 DEOPT PACKING pc=0x00000206c33d549c sp=0x000000e2c5dfdc30
Event: 4.456 Thread 0x00000206cd379580 DEOPT UNPACKING pc=0x00000206c2de2b43 sp=0x000000e2c5dfd100 mode 1
Event: 4.481 Thread 0x00000206cd379580 DEOPT PACKING pc=0x00000206c34c13ac sp=0x000000e2c5dfc160
Event: 4.481 Thread 0x00000206cd379580 DEOPT UNPACKING pc=0x00000206c2de2b43 sp=0x000000e2c5dfb698 mode 1
Event: 4.481 Thread 0x00000206cd379580 DEOPT PACKING pc=0x00000206c34c22dc sp=0x000000e2c5dfc250
Event: 4.481 Thread 0x00000206cd379580 DEOPT UNPACKING pc=0x00000206c2de2b43 sp=0x000000e2c5dfb7e8 mode 1
Event: 4.481 Thread 0x00000206cd379580 DEOPT PACKING pc=0x00000206c34c423c sp=0x000000e2c5dfc3a0
Event: 4.481 Thread 0x00000206cd379580 DEOPT UNPACKING pc=0x00000206c2de2b43 sp=0x000000e2c5dfb970 mode 1
Event: 4.531 Thread 0x00000206cd379580 DEOPT PACKING pc=0x00000206c33d549c sp=0x000000e2c5dfc9f0
Event: 4.531 Thread 0x00000206cd379580 DEOPT UNPACKING pc=0x00000206c2de2b43 sp=0x000000e2c5dfbec0 mode 1
Event: 4.533 Thread 0x00000206cd379580 DEOPT PACKING pc=0x00000206c33d549c sp=0x000000e2c5dfc9f0
Event: 4.533 Thread 0x00000206cd379580 DEOPT UNPACKING pc=0x00000206c2de2b43 sp=0x000000e2c5dfbec0 mode 1
Event: 4.533 Thread 0x00000206cd379580 DEOPT PACKING pc=0x00000206c33d549c sp=0x000000e2c5dfc9f0
Event: 4.533 Thread 0x00000206cd379580 DEOPT UNPACKING pc=0x00000206c2de2b43 sp=0x000000e2c5dfbec0 mode 1

Classes unloaded (0 events):
No events

Classes redefined (0 events):
No events

Internal exceptions (20 events):
Event: 4.005 Thread 0x00000206cd379580 Exception <a 'java/lang/ClassNotFoundException'{0x000000008894a518}: org/springframework/web/servlet/config/annotation/DelegatingWebMvcConfigurationCustomizer> (0x000000008894a518) 
thrown [t:\workspace\open\src\hotspot\share\classfile\systemDictionary.cpp, line 256]
Event: 4.005 Thread 0x00000206cd379580 Exception <a 'java/lang/ClassNotFoundException'{0x0000000088955bf8}: org/springframework/boot/autoconfigure/web/servlet/WebMvcAutoConfiguration$EnableWebMvcConfigurationCustomizer> (0x0000000088955bf8) 
thrown [t:\workspace\open\src\hotspot\share\classfile\systemDictionary.cpp, line 256]
Event: 4.006 Thread 0x00000206cd379580 Exception <a 'java/lang/ClassNotFoundException'{0x0000000088969cc8}: org/springframework/context/ResourceLoaderAwareCustomizer> (0x0000000088969cc8) 
thrown [t:\workspace\open\src\hotspot\share\classfile\systemDictionary.cpp, line 256]
Event: 4.006 Thread 0x00000206cd379580 Exception <a 'java/lang/ClassNotFoundException'{0x0000000088970a40}: org/springframework/beans/factory/AwareCustomizer> (0x0000000088970a40) 
thrown [t:\workspace\open\src\hotspot\share\classfile\systemDictionary.cpp, line 256]
Event: 4.006 Thread 0x00000206cd379580 Exception <a 'java/lang/ClassNotFoundException'{0x0000000088976c68}: org/springframework/context/ApplicationContextAwareCustomizer> (0x0000000088976c68) 
thrown [t:\workspace\open\src\hotspot\share\classfile\systemDictionary.cpp, line 256]
Event: 4.007 Thread 0x00000206cd379580 Exception <a 'java/lang/ClassNotFoundException'{0x000000008897e0a8}: org/springframework/beans/factory/AwareCustomizer> (0x000000008897e0a8) 
thrown [t:\workspace\open\src\hotspot\share\classfile\systemDictionary.cpp, line 256]
Event: 4.007 Thread 0x00000206cd379580 Exception <a 'java/lang/ClassNotFoundException'{0x00000000889842e8}: org/springframework/web/context/ServletContextAwareCustomizer> (0x00000000889842e8) 
thrown [t:\workspace\open\src\hotspot\share\classfile\systemDictionary.cpp, line 256]
Event: 4.008 Thread 0x00000206cd379580 Exception <a 'java/lang/ClassNotFoundException'{0x000000008898b498}: org/springframework/beans/factory/AwareCustomizer> (0x000000008898b498) 
thrown [t:\workspace\open\src\hotspot\share\classfile\systemDictionary.cpp, line 256]
Event: 4.199 Thread 0x00000206cd379580 Exception <a 'java/lang/NoSuchMethodError'{0x00000000855ec9d8}: 'void java.lang.invoke.DirectMethodHandle$Holder.invokeVirtual(java.lang.Object, java.lang.Object, int)'> (0x00000000855ec9d8) 
thrown [t:\workspace\open\src\hotspot\share\interpreter\linkResolver.cpp, line 766]
Event: 4.200 Thread 0x00000206cd379580 Exception <a 'java/lang/NoSuchMethodError'{0x0000000085407368}: 'void java.lang.invoke.DirectMethodHandle$Holder.invokeVirtual(java.lang.Object, java.lang.Object, long)'> (0x0000000085407368) 
thrown [t:\workspace\open\src\hotspot\share\interpreter\linkResolver.cpp, line 766]
Event: 4.268 Thread 0x00000206cd379580 Exception <a 'java/lang/IncompatibleClassChangeError'{0x0000000088bcf9d8}: Found class java.lang.Object, but interface was expected> (0x0000000088bcf9d8) 
thrown [t:\workspace\open\src\hotspot\share\interpreter\linkResolver.cpp, line 833]
Event: 4.284 Thread 0x00000206cd379580 Exception <a 'java/lang/NoSuchMethodError'{0x000000008891e260}: 'int java.lang.invoke.DirectMethodHandle$Holder.invokeStaticInit(java.lang.Object, java.lang.Object, java.lang.Object, java.lang.Object)'> (0x000000008891e260) 
thrown [t:\workspace\open\src\hotspot\share\interpreter\linkResolver.cpp, line 766]
Event: 4.418 Thread 0x00000206cd379580 Exception <a 'java/lang/NoSuchMethodError'{0x00000000857a1270}: 'java.lang.Object java.lang.invoke.DirectMethodHandle$Holder.newInvokeSpecial(java.lang.Object, java.lang.Object, int, java.lang.Object, java.lang.Object)'> (0x00000000857a1270) 
thrown [t:\workspace\open\src\hotspot\share\interpreter\linkResolver.cpp, line 766]
Event: 4.419 Thread 0x00000206cd379580 Exception <a 'java/lang/NoSuchMethodError'{0x00000000857adae0}: 'java.lang.Object java.lang.invoke.DirectMethodHandle$Holder.invokeSpecial(java.lang.Object, java.lang.Object, int, java.lang.Object, int, java.lang.Object)'> (0x00000000857adae0) 
thrown [t:\workspace\open\src\hotspot\share\interpreter\linkResolver.cpp, line 766]
Event: 4.419 Thread 0x00000206cd379580 Exception <a 'java/lang/NoSuchMethodError'{0x00000000857b5b88}: 'java.lang.Object java.lang.invoke.DirectMethodHandle$Holder.newInvokeSpecial(java.lang.Object, java.lang.Object, int, java.lang.Object, int)'> (0x00000000857b5b88) 
thrown [t:\workspace\open\src\hotspot\share\interpreter\linkResolver.cpp, line 766]
Event: 4.419 Thread 0x00000206cd379580 Exception <a 'java/lang/NoSuchMethodError'{0x00000000857b9c88}: 'java.lang.Object java.lang.invoke.DirectMethodHandle$Holder.invokeSpecial(java.lang.Object, java.lang.Object, java.lang.Object, int, java.lang.Object, int)'> (0x00000000857b9c88) 
thrown [t:\workspace\open\src\hotspot\share\interpreter\linkResolver.cpp, line 766]
Event: 4.420 Thread 0x00000206cd379580 Exception <a 'java/lang/NoSuchMethodError'{0x00000000857c4aa8}: 'void java.lang.invoke.DirectMethodHandle$Holder.invokeVirtual(java.lang.Object, java.lang.Object)'> (0x00000000857c4aa8) 
thrown [t:\workspace\open\src\hotspot\share\interpreter\linkResolver.cpp, line 766]
Event: 4.531 Thread 0x00000206cd379580 Exception <a 'java/lang/ClassNotFoundException'{0x0000000088a9f4c8}: > (0x0000000088a9f4c8) 
thrown [t:\workspace\open\src\hotspot\share\prims\jni.cpp, line 535]
Event: 4.533 Thread 0x00000206cd379580 Exception <a 'java/lang/ClassNotFoundException'{0x0000000088ab5368}: > (0x0000000088ab5368) 
thrown [t:\workspace\open\src\hotspot\share\prims\jni.cpp, line 535]
Event: 4.533 Thread 0x00000206cd379580 Exception <a 'java/lang/ClassNotFoundException'{0x0000000088ab8f50}: > (0x0000000088ab8f50) 
thrown [t:\workspace\open\src\hotspot\share\prims\jni.cpp, line 535]

VM Operations (20 events):
Event: 4.462 Executing VM operation: Cleanup done
Event: 4.464 Executing VM operation: HandshakeAllThreads
Event: 4.464 Executing VM operation: HandshakeAllThreads done
Event: 4.475 Executing VM operation: ICBufferFull
Event: 4.475 Executing VM operation: ICBufferFull done
Event: 4.478 Executing VM operation: ICBufferFull
Event: 4.478 Executing VM operation: ICBufferFull done
Event: 4.478 Executing VM operation: ICBufferFull
Event: 4.478 Executing VM operation: ICBufferFull done
Event: 4.479 Executing VM operation: ICBufferFull
Event: 4.479 Executing VM operation: ICBufferFull done
Event: 4.479 Executing VM operation: ICBufferFull
Event: 4.479 Executing VM operation: ICBufferFull done
Event: 4.480 Executing VM operation: ICBufferFull
Event: 4.480 Executing VM operation: ICBufferFull done
Event: 4.511 Executing VM operation: HandshakeAllThreads
Event: 4.511 Executing VM operation: HandshakeAllThreads done
Event: 4.545 Executing VM operation: ICBufferFull
Event: 4.545 Executing VM operation: ICBufferFull done
Event: 4.549 Executing VM operation: CollectForMetadataAllocation

Events (20 events):
Event: 4.546 loading class com/google/common/collect/Maps$TransformedEntriesMap
Event: 4.546 loading class com/google/common/collect/Maps$TransformedEntriesMap done
Event: 4.547 loading class com/google/common/collect/Maps$IteratorBasedAbstractMap
Event: 4.547 loading class com/google/common/collect/Maps$IteratorBasedAbstractMap done
Event: 4.547 loading class springfox/documentation/service/Operation$3
Event: 4.547 loading class springfox/documentation/service/Operation$3 done
Event: 4.547 loading class springfox/documentation/spring/web/plugins/DocumentationPluginsManager$1
Event: 4.547 loading class springfox/documentation/spring/web/plugins/DocumentationPluginsManager$1 done
Event: 4.548 loading class springfox/documentation/spring/web/plugins/DocumentationPluginsManager$2
Event: 4.548 loading class springfox/documentation/spring/web/plugins/DocumentationPluginsManager$2 done
Event: 4.548 loading class springfox/documentation/spring/web/paths/PathSanitizer$1
Event: 4.548 loading class springfox/documentation/spring/web/paths/PathSanitizer$1 done
Event: 4.548 loading class java/util/regex/Pattern$NotBehind
Event: 4.548 loading class java/util/regex/Pattern$NotBehind done
Event: 4.548 loading class springfox/documentation/spring/web/paths/PathMappingDecorator$1
Event: 4.548 loading class springfox/documentation/spring/web/paths/PathMappingDecorator$1 done
Event: 4.548 loading class springfox/documentation/spring/web/paths/PathMappingAdjuster
Event: 4.548 loading class springfox/documentation/spring/web/paths/PathMappingAdjuster done
Event: 4.548 loading class springfox/documentation/service/PathAdjuster
Event: 4.548 loading class springfox/documentation/service/PathAdjuster done


Dynamic libraries:
0x00007ff677630000 - 0x00007ff677640000 	C:\Program Files\Java\jdk-17\bin\java.exe
0x00007ff825a70000 - 0x00007ff825c68000 	C:\WINDOWS\SYSTEM32\ntdll.dll
0x00007ff824300000 - 0x00007ff8243bf000 	C:\WINDOWS\System32\KERNEL32.DLL
0x00007ff8232a0000 - 0x00007ff823572000 	C:\WINDOWS\System32\KERNELBASE.dll
0x00007ff823990000 - 0x00007ff823a90000 	C:\WINDOWS\System32\ucrtbase.dll
0x00007ff817ff0000 - 0x00007ff818008000 	C:\Program Files\Java\jdk-17\bin\jli.dll
0x00007ff8170a0000 - 0x00007ff8170ba000 	C:\Program Files\Java\jdk-17\bin\VCRUNTIME140.dll
0x00007ff824250000 - 0x00007ff8242fe000 	C:\WINDOWS\System32\ADVAPI32.dll
0x00007ff8241a0000 - 0x00007ff82423e000 	C:\WINDOWS\System32\msvcrt.dll
0x00007ff825680000 - 0x00007ff82571c000 	C:\WINDOWS\System32\sechost.dll
0x00007ff825860000 - 0x00007ff825985000 	C:\WINDOWS\System32\RPCRT4.dll
0x00007ff8252f0000 - 0x00007ff82548d000 	C:\WINDOWS\System32\USER32.dll
0x00007ff823a90000 - 0x00007ff823ab2000 	C:\WINDOWS\System32\win32u.dll
0x00007ff823d00000 - 0x00007ff823d2b000 	C:\WINDOWS\System32\GDI32.dll
0x00007ff823580000 - 0x00007ff82368f000 	C:\WINDOWS\System32\gdi32full.dll
0x00007ff80e840000 - 0x00007ff80eada000 	C:\WINDOWS\WinSxS\amd64_microsoft.windows.common-controls_6595b64144ccf1df_6.0.19041.1110_none_60b5254171f9507e\COMCTL32.dll
0x00007ff823200000 - 0x00007ff82329d000 	C:\WINDOWS\System32\msvcp_win.dll
0x00007ff818bc0000 - 0x00007ff818bca000 	C:\WINDOWS\SYSTEM32\VERSION.dll
0x00007ff8259f0000 - 0x00007ff825a22000 	C:\WINDOWS\System32\IMM32.DLL
0x00007ff81b7a0000 - 0x00007ff81b7ac000 	C:\Program Files\Java\jdk-17\bin\vcruntime140_1.dll
0x00007ff8055e0000 - 0x00007ff80566d000 	C:\Program Files\Java\jdk-17\bin\msvcp140.dll
0x00007ffff8120000 - 0x00007ffff8cde000 	C:\Program Files\Java\jdk-17\bin\server\jvm.dll
0x00007ff824630000 - 0x00007ff824638000 	C:\WINDOWS\System32\PSAPI.DLL
0x00007ff80e570000 - 0x00007ff80e579000 	C:\WINDOWS\SYSTEM32\WSOCK32.dll
0x00007ff8244f0000 - 0x00007ff82455b000 	C:\WINDOWS\System32\WS2_32.dll
0x00007ff809f90000 - 0x00007ff809fb7000 	C:\WINDOWS\SYSTEM32\WINMM.dll
0x00007ff8219c0000 - 0x00007ff8219d2000 	C:\WINDOWS\SYSTEM32\kernel.appcore.dll
0x00007ff81b030000 - 0x00007ff81b03a000 	C:\Program Files\Java\jdk-17\bin\jimage.dll
0x00007ff820f20000 - 0x00007ff821104000 	C:\WINDOWS\SYSTEM32\DBGHELP.DLL
0x00007ff80ec90000 - 0x00007ff80ecbc000 	C:\WINDOWS\SYSTEM32\dbgcore.DLL
0x00007ff823170000 - 0x00007ff8231f2000 	C:\WINDOWS\System32\bcryptPrimitives.dll
0x00007ff80c480000 - 0x00007ff80c4bb000 	C:\Program Files\Java\jdk-17\bin\jdwp.dll
0x00007ff819d10000 - 0x00007ff819d1e000 	C:\Program Files\Java\jdk-17\bin\instrument.dll
0x00007ff80c830000 - 0x00007ff80c855000 	C:\Program Files\Java\jdk-17\bin\java.dll
0x00007ff816960000 - 0x00007ff816978000 	C:\Program Files\Java\jdk-17\bin\zip.dll
0x00007ffffbf80000 - 0x00007ffffc056000 	C:\Program Files\Java\jdk-17\bin\svml.dll
0x00007ff824730000 - 0x00007ff824e73000 	C:\WINDOWS\System32\SHELL32.dll
0x00007ff821110000 - 0x00007ff8218a2000 	C:\WINDOWS\SYSTEM32\windows.storage.dll
0x00007ff823de0000 - 0x00007ff824134000 	C:\WINDOWS\System32\combase.dll
0x00007ff822bd0000 - 0x00007ff822c00000 	C:\WINDOWS\SYSTEM32\Wldp.dll
0x00007ff823d30000 - 0x00007ff823ddd000 	C:\WINDOWS\System32\SHCORE.dll
0x00007ff825990000 - 0x00007ff8259e5000 	C:\WINDOWS\System32\shlwapi.dll
0x00007ff8230b0000 - 0x00007ff8230cf000 	C:\WINDOWS\SYSTEM32\profapi.dll
0x00007ff8185d0000 - 0x00007ff8185dc000 	C:\Program Files\Java\jdk-17\bin\dt_socket.dll
0x00007ff8225d0000 - 0x00007ff82260b000 	C:\WINDOWS\SYSTEM32\IPHLPAPI.DLL
0x00007ff822930000 - 0x00007ff82299a000 	C:\WINDOWS\system32\mswsock.dll
0x00007ff817080000 - 0x00007ff817099000 	C:\Program Files\Java\jdk-17\bin\net.dll
0x00007ff81a650000 - 0x00007ff81a75c000 	C:\WINDOWS\SYSTEM32\WINHTTP.dll
0x00007ff816e60000 - 0x00007ff816e75000 	C:\Program Files\Java\jdk-17\bin\nio.dll
0x00007ff822610000 - 0x00007ff8226da000 	C:\WINDOWS\SYSTEM32\DNSAPI.dll
0x00007ff824240000 - 0x00007ff824248000 	C:\WINDOWS\System32\NSI.dll
0x00007ff818be0000 - 0x00007ff818bea000 	C:\Windows\System32\rasadhlp.dll
0x00007ff811510000 - 0x00007ff811590000 	C:\WINDOWS\System32\fwpuclnt.dll
0x00007ff8238a0000 - 0x00007ff8238c7000 	C:\WINDOWS\System32\bcrypt.dll
0x00007ff816da0000 - 0x00007ff816da9000 	C:\Program Files\Java\jdk-17\bin\management.dll
0x00007ff8108c0000 - 0x00007ff8108cb000 	C:\Program Files\Java\jdk-17\bin\management_ext.dll
0x00007ff822b20000 - 0x00007ff822b38000 	C:\WINDOWS\SYSTEM32\CRYPTSP.dll
0x00007ff8221e0000 - 0x00007ff822214000 	C:\WINDOWS\system32\rsaenh.dll
0x00007ff823030000 - 0x00007ff82305e000 	C:\WINDOWS\SYSTEM32\USERENV.dll
0x00007ff822b40000 - 0x00007ff822b4c000 	C:\WINDOWS\SYSTEM32\CRYPTBASE.dll
0x00007ff817af0000 - 0x00007ff817b07000 	C:\WINDOWS\SYSTEM32\dhcpcsvc6.DLL
0x00007ff817ad0000 - 0x00007ff817aed000 	C:\WINDOWS\SYSTEM32\dhcpcsvc.DLL
0x00007ff806520000 - 0x00007ff806537000 	C:\WINDOWS\system32\napinsp.dll
0x00007ff806500000 - 0x00007ff80651b000 	C:\WINDOWS\system32\pnrpnsp.dll
0x00007ff81a980000 - 0x00007ff81a995000 	C:\WINDOWS\system32\wshbth.dll
0x00007ff81b650000 - 0x00007ff81b66d000 	C:\WINDOWS\system32\NLAapi.dll
0x00007ff805910000 - 0x00007ff805922000 	C:\WINDOWS\System32\winrnr.dll
0x00007ff80eb30000 - 0x00007ff80eb3e000 	C:\Program Files\Java\jdk-17\bin\sunmscapi.dll
0x00007ff823740000 - 0x00007ff823896000 	C:\WINDOWS\System32\CRYPT32.dll
0x00007ff822c40000 - 0x00007ff822c67000 	C:\WINDOWS\SYSTEM32\ncrypt.dll
0x00007ff822c00000 - 0x00007ff822c3b000 	C:\WINDOWS\SYSTEM32\NTASN1.dll
0x00007ff80eb20000 - 0x00007ff80eb27000 	C:\WINDOWS\system32\wshunix.dll

dbghelp: loaded successfully - version: 4.0.5 - missing functions: none
symbol engine: initialized successfully - sym options: 0x614 - pdb path: .;C:\Program Files\Java\jdk-17\bin;C:\WINDOWS\SYSTEM32;C:\WINDOWS\WinSxS\amd64_microsoft.windows.common-controls_6595b64144ccf1df_6.0.19041.1110_none_60b5254171f9507e;C:\Program Files\Java\jdk-17\bin\server

VM Arguments:
jvm_args: -agentlib:jdwp=transport=dt_socket,address=127.0.0.1:57576,suspend=y,server=n -XX:TieredStopAtLevel=1 -Xverify:none -Dspring.output.ansi.enabled=always -Dcom.sun.management.jmxremote -Dspring.jmx.enabled=true -Dspring.liveBeansView.mbeanDomain -Dspring.application.admin.enabled=true -javaagent:C:\Users\dell\AppData\Local\JetBrains\IntelliJIdea2021.3\captureAgent\debugger-agent.jar -Dfile.encoding=UTF-8 
java_command: com.example.springboot.Application
java_class_path (initial): E:\Project\JavaEEspringboot\SpringBoot\target\classes;C:\Users\dell\.m2\repository\org\springframework\boot\spring-boot-devtools\2.7.3\spring-boot-devtools-2.7.3.jar;C:\Users\dell\.m2\repository\org\springframework\boot\spring-boot\2.7.3\spring-boot-2.7.3.jar;C:\Users\dell\.m2\repository\org\springframework\spring-context\5.3.22\spring-context-5.3.22.jar;C:\Users\dell\.m2\repository\org\springframework\boot\spring-boot-autoconfigure\2.7.3\spring-boot-autoconfigure-2.7.3.jar;C:\Users\dell\.m2\repository\org\springframework\boot\spring-boot-starter-web\2.7.3\spring-boot-starter-web-2.7.3.jar;C:\Users\dell\.m2\repository\org\springframework\boot\spring-boot-starter\2.7.3\spring-boot-starter-2.7.3.jar;C:\Users\dell\.m2\repository\org\springframework\boot\spring-boot-starter-logging\2.7.3\spring-boot-starter-logging-2.7.3.jar;C:\Users\dell\.m2\repository\ch\qos\logback\logback-classic\1.2.11\logback-classic-1.2.11.jar;C:\Users\dell\.m2\repository\ch\qos\logback\logback-core\1.2.11\logback-core-1.2.11.jar;C:\Users\dell\.m2\repository\org\apache\logging\log4j\log4j-to-slf4j\2.17.2\log4j-to-slf4j-2.17.2.jar;C:\Users\dell\.m2\repository\org\apache\logging\log4j\log4j-api\2.17.2\log4j-api-2.17.2.jar;C:\Users\dell\.m2\repository\org\slf4j\jul-to-slf4j\1.7.36\jul-to-slf4j-1.7.36.jar;C:\Users\dell\.m2\repository\jakarta\annotation\jakarta.annotation-api\1.3.5\jakarta.annotation-api-1.3.5.jar;C:\Users\dell\.m2\repository\org\yaml\snakeyaml\1.30\snakeyaml-1.30.jar;C:\Users\dell\.m2\repository\org\springframework\boot\spring-boot-starter-json\2.7.3\spring-boot-starter-json-2.7.3.jar;C:\Users\dell\.m2\repository\com\fasterxml\jackson\datatype\jackson-datatype-jdk8\2.13.3\jackson-datatype-jdk8-2.13.3.jar;C:\Users\dell\.m2\repository\com\fasterxml\jackson\datatype\jackson-datatype-jsr310\2.13.3\jackson-datatype-jsr310-2.13.3.jar;C:\Users\dell\.m2\repository\com\fasterxml\jackson\module\jackson-module-parameter-names\2.13.3\jackson-module-parameter-name
Launcher Type: SUN_STANDARD

[Global flags]
     intx CICompilerCount                          = 4                                         {product} {ergonomic}
     uint ConcGCThreads                            = 2                                         {product} {ergonomic}
     uint G1ConcRefinementThreads                  = 8                                         {product} {ergonomic}
   size_t G1HeapRegionSize                         = 1048576                                   {product} {ergonomic}
    uintx GCDrainStackTargetSize                   = 64                                        {product} {ergonomic}
   size_t InitialHeapSize                          = 132120576                                 {product} {ergonomic}
     bool ManagementServer                         = true                                      {product} {command line}
   size_t MarkStackSize                            = 4194304                                   {product} {ergonomic}
   size_t MaxHeapSize                              = 2095054848                                {product} {ergonomic}
   size_t MaxNewSize                               = 1256194048                                {product} {ergonomic}
   size_t MinHeapDeltaBytes                        = 1048576                                   {product} {ergonomic}
   size_t MinHeapSize                              = 8388608                                   {product} {ergonomic}
    uintx NonProfiledCodeHeapSize                  = 0                                      {pd product} {ergonomic}
     bool ProfileInterpreter                       = false                                  {pd product} {command line}
    uintx ProfiledCodeHeapSize                     = 0                                      {pd product} {ergonomic}
   size_t SoftMaxHeapSize                          = 2095054848                             {manageable} {ergonomic}
     intx TieredStopAtLevel                        = 1                                         {product} {command line}
     bool UseCompressedClassPointers               = true                           {product lp64_product} {ergonomic}
     bool UseCompressedOops                        = true                           {product lp64_product} {ergonomic}
     bool UseG1GC                                  = true                                      {product} {ergonomic}
     bool UseLargePagesIndividualAllocation        = false                                  {pd product} {ergonomic}

Logging:
Log output configuration:
 #0: stdout all=warning uptime,level,tags
 #1: stderr all=off uptime,level,tags

Environment Variables:
JAVA_HOME=C:\Program Files\Java\jdk-17
PATH=E:\oracle\product\10.2.0\client_1\bin;E:\oracle\product\10.2.0\db_1\bin;C:\Program Files\Common Files\Oracle\Java\javapath;C:\Windows\system32;C:\Windows;C:\Windows\System32\Wbem;C:\Windows\System32\WindowsPowerShell\v1.0\;C:\Windows\System32\OpenSSH\;C:\Program Files (x86)\NVIDIA Corporation\PhysX\Common;C:\Program Files\NVIDIA Corporation\NVIDIA NvDLISR;C:\Program Files\dotnet\;C:\Program Files\Java\jdk-17\jre\bin;C:\Program Files\Java\jdk-17\bin;C:\WINDOWS\system32;C:\WINDOWS;C:\WINDOWS\System32\Wbem;C:\WINDOWS\System32\WindowsPowerShell\v1.0\;C:\WINDOWS\System32\OpenSSH\;C:\Program Files\Azure Data Studio\bin;C:\Program Files (x86)\dotnet\;C:\Program Files\Microsoft SQL Server\Client SDK\ODBC\130\Tools\Binn\;C:\Program Files (x86)\Microsoft SQL Server\140\Tools\Binn\;C:\Program Files\Microsoft SQL Server\140\Tools\Binn\;C:\Program Files\Microsoft SQL Server\140\DTS\Binn\;C:\Program Files (x86)\Microsoft SQL Server\150\DTS\Binn\;C:\Program Files\MySQL\MySQL Server 5.7\bin;E:\Oracle\product\10.2.0\db_1\bin;E:\Node\;E:\Maven\apache-maven-3.8.6\bin;E:\drivers;C:\Users\dell\AppData\Local\Microsoft\WindowsApps;E:\vscode\Microsoft VS Code\bin;C:\Users\dell\.dotnet\tools;;E:\IntelliJ IDEA Community Edition 2021.2.2\bin;;C:\Program Files\Bandizip\;C:\Program Files\Azure Data Studio\bin;C:\Users\dell\AppData\Roaming\npm
USERNAME=dell
OS=Windows_NT
PROCESSOR_IDENTIFIER=Intel64 Family 6 Model 165 Stepping 2, GenuineIntel



---------------  S Y S T E M  ---------------

OS:
 Windows 10 , 64 bit Build 19041 (10.0.19041.2251)
OS uptime: 0 days 10:08 hours

CPU: total 8 (initial active 8) (4 cores per cpu, 2 threads per core) family 6 model 165 stepping 2 microcode 0xf0, cx8, cmov, fxsr, ht, mmx, 3dnowpref, sse, sse2, sse3, ssse3, sse4.1, sse4.2, popcnt, lzcnt, tsc, tscinvbit, avx, avx2, aes, erms, clmul, bmi1, bmi2, adx, fma, vzeroupper, clflush, clflushopt

Memory: 4k page, system-wide physical 7985M (820M free)
TotalPageFile size 32561M (AvailPageFile size 12M)
current process WorkingSet (physical memory assigned to process): 164M, peak: 167M
current process commit charge ("private bytes"): 207M, peak: 250M

vm_info: Java HotSpot(TM) 64-Bit Server VM (17+35-LTS-2724) for windows-amd64 JRE (17+35-LTS-2724), built on Aug  5 2021 23:28:28 by "mach5one" with MS VC++ 16.8 (VS2019)

END.
